TN:
SF:cloudinary.ts
FNF:0
FNH:0
DA:1,1
DA:2,1
DA:3,1
DA:4,1
DA:5,1
DA:6,1
DA:7,1
DA:8,1
DA:9,1
DA:10,1
DA:11,1
DA:12,1
DA:13,1
LF:13
LH:13
BRF:0
BRH:0
end_of_record
TN:
SF:migrations\20231109023233_cars.ts
FN:3,up
FN:30,down
FNF:2
FNH:1
FNDA:7,up
FNDA:0,down
DA:1,1
DA:2,1
DA:3,7
DA:4,7
DA:5,7
DA:6,7
DA:7,7
DA:8,7
DA:9,7
DA:10,7
DA:11,7
DA:12,7
DA:13,7
DA:14,7
DA:15,7
DA:16,7
DA:17,7
DA:18,7
DA:19,7
DA:20,7
DA:21,7
DA:22,7
DA:23,7
DA:24,7
DA:25,7
DA:26,7
DA:27,7
DA:28,7
DA:29,1
DA:30,0
DA:31,0
DA:32,0
LF:32
LH:29
BRDA:3,0,0,7
BRDA:4,1,0,7
BRF:2
BRH:2
end_of_record
TN:
SF:migrations\20231119130539_users.ts
FN:4,up
FN:16,down
FNF:2
FNH:1
FNDA:7,up
FNDA:0,down
DA:1,1
DA:2,1
DA:3,1
DA:4,7
DA:5,7
DA:6,7
DA:7,7
DA:8,7
DA:9,7
DA:10,7
DA:11,7
DA:12,7
DA:13,7
DA:14,1
DA:15,1
DA:16,0
DA:17,0
DA:18,0
LF:18
LH:15
BRDA:4,0,0,7
BRDA:5,1,0,7
BRF:2
BRH:2
end_of_record
TN:
SF:migrations\20231123012922_log_history.ts
FN:3,up
FN:14,down
FNF:2
FNH:1
FNDA:7,up
FNDA:0,down
DA:1,1
DA:2,1
DA:3,7
DA:4,7
DA:5,7
DA:6,7
DA:7,7
DA:8,7
DA:9,7
DA:10,7
DA:11,7
DA:12,7
DA:13,1
DA:14,0
DA:15,0
DA:16,0
LF:16
LH:13
BRDA:3,0,0,7
BRDA:4,1,0,7
BRF:2
BRH:2
end_of_record
TN:
SF:server\index.ts
FNF:0
FNH:0
DA:1,1
DA:2,1
DA:3,1
DA:4,1
DA:5,1
DA:6,1
DA:7,1
DA:8,1
DA:9,1
DA:10,1
DA:11,1
DA:12,1
DA:13,1
DA:14,1
DA:15,1
DA:16,1
DA:17,1
DA:18,1
DA:19,1
DA:20,1
DA:21,1
DA:22,1
DA:23,1
DA:24,1
DA:25,1
DA:26,1
DA:27,1
DA:28,1
DA:29,1
DA:30,1
DA:31,1
DA:32,1
DA:33,1
LF:33
LH:33
BRF:0
BRH:0
end_of_record
TN:
SF:src\controller\carControllers.ts
FN:11,getCars
FN:23,getCarById
FN:35,deleteCar
FN:51,postCar
FN:87,updateCar
FNF:5
FNH:5
FNDA:2,getCars
FNDA:2,getCarById
FNDA:1,deleteCar
FNDA:2,postCar
FNDA:2,updateCar
DA:1,1
DA:2,1
DA:3,1
DA:4,1
DA:5,1
DA:6,1
DA:7,1
DA:8,1
DA:9,1
DA:10,1
DA:11,1
DA:12,2
DA:13,2
DA:14,1
DA:15,1
DA:16,1
DA:17,1
DA:18,1
DA:19,1
DA:20,2
DA:21,1
DA:22,1
DA:23,1
DA:24,2
DA:25,2
DA:26,1
DA:27,1
DA:28,1
DA:29,1
DA:30,1
DA:31,1
DA:32,2
DA:33,1
DA:34,1
DA:35,1
DA:36,1
DA:37,1
DA:38,1
DA:39,1
DA:40,1
DA:41,1
DA:42,1
DA:43,1
DA:44,1
DA:45,1
DA:46,1
DA:47,1
DA:48,1
DA:49,1
DA:50,1
DA:51,1
DA:52,2
DA:53,2
DA:54,2
DA:55,1
DA:56,1
DA:57,1
DA:58,1
DA:59,1
DA:60,1
DA:61,1
DA:62,1
DA:63,1
DA:64,1
DA:65,1
DA:66,1
DA:67,1
DA:68,1
DA:69,1
DA:70,1
DA:71,1
DA:72,1
DA:73,1
DA:74,1
DA:75,1
DA:76,1
DA:77,1
DA:78,1
DA:79,1
DA:80,2
DA:81,0
DA:82,0
DA:83,0
DA:84,2
DA:85,1
DA:86,1
DA:87,1
DA:88,2
DA:89,2
DA:90,2
DA:91,2
DA:92,2
DA:93,2
DA:94,0
DA:95,0
DA:96,2
DA:97,2
DA:98,1
DA:99,1
DA:100,1
DA:101,1
DA:102,1
DA:103,1
DA:104,1
DA:105,1
DA:106,1
DA:107,1
DA:108,1
DA:109,1
DA:110,1
DA:111,1
DA:112,1
DA:113,1
DA:114,1
DA:115,1
DA:116,1
DA:117,1
DA:118,1
DA:119,1
DA:120,1
DA:121,1
DA:122,1
DA:123,1
DA:124,1
DA:125,1
DA:126,1
DA:127,1
DA:128,1
DA:129,1
DA:130,2
DA:131,1
DA:132,1
LF:132
LH:127
BRDA:11,0,0,2
BRDA:11,1,0,2
BRDA:13,2,0,1
BRDA:23,3,0,2
BRDA:23,4,0,2
BRDA:25,5,0,1
BRDA:35,6,0,1
BRDA:35,7,0,1
BRDA:51,8,0,2
BRDA:51,9,0,2
BRDA:54,10,0,1
BRDA:80,11,0,0
BRDA:87,12,0,2
BRDA:87,13,0,2
BRDA:93,14,0,0
BRDA:97,15,0,1
BRDA:102,16,0,0
BRDA:117,17,0,0
BRDA:118,18,0,0
BRF:19
BRH:14
end_of_record
TN:
SF:src\controller\userController.ts
FN:9,memberRegister
FN:26,adminRegister
FN:43,login
FN:65,currentUser
FNF:4
FNH:2
FNDA:1,memberRegister
FNDA:0,adminRegister
FNDA:3,login
FNDA:0,currentUser
DA:1,1
DA:2,1
DA:3,1
DA:4,1
DA:5,1
DA:6,1
DA:7,1
DA:8,1
DA:9,1
DA:10,1
DA:11,1
DA:12,1
DA:13,1
DA:14,1
DA:15,1
DA:16,1
DA:17,1
DA:18,1
DA:19,1
DA:20,1
DA:21,1
DA:22,1
DA:23,1
DA:24,1
DA:25,1
DA:26,0
DA:27,0
DA:28,0
DA:29,0
DA:30,0
DA:31,0
DA:32,0
DA:33,0
DA:34,0
DA:35,0
DA:36,0
DA:37,0
DA:38,0
DA:39,0
DA:40,0
DA:41,1
DA:42,1
DA:43,3
DA:44,3
DA:45,3
DA:46,3
DA:47,3
DA:48,3
DA:49,3
DA:50,1
DA:51,1
DA:52,1
DA:53,2
DA:54,3
DA:55,1
DA:56,1
DA:57,1
DA:58,1
DA:59,1
DA:60,1
DA:61,1
DA:62,1
DA:63,1
DA:64,1
DA:65,0
DA:66,0
DA:67,0
DA:68,0
DA:69,0
DA:70,0
DA:71,0
DA:72,1
DA:73,1
LF:73
LH:51
BRDA:9,0,0,1
BRDA:43,1,0,3
BRDA:49,2,0,1
BRDA:53,3,0,2
BRDA:54,4,0,1
BRF:5
BRH:5
end_of_record
TN:
SF:src\helper\checkPassword.ts
FN:3,checkPassword
FNF:1
FNH:1
FNDA:2,checkPassword
DA:1,1
DA:2,1
DA:3,2
DA:4,2
DA:5,2
DA:6,2
DA:7,2
DA:8,2
DA:9,2
DA:10,0
DA:11,0
DA:12,0
DA:13,2
DA:14,2
DA:15,2
DA:16,2
DA:17,2
DA:18,1
DA:19,1
LF:19
LH:16
BRDA:3,0,0,2
BRDA:4,1,0,2
BRDA:8,2,0,2
BRDA:9,3,0,0
BRF:4
BRH:3
end_of_record
TN:
SF:src\helper\createJwt.ts
FN:3,createToken
FNF:1
FNH:1
FNDA:1,createToken
DA:1,1
DA:2,1
DA:3,1
DA:4,1
DA:5,1
DA:6,1
DA:7,1
LF:7
LH:7
BRDA:3,0,0,1
BRF:1
BRH:1
end_of_record
TN:
SF:src\helper\encryptPassword.ts
FN:2,encryptPassword
FNF:1
FNH:1
FNDA:4,encryptPassword
DA:1,1
DA:2,4
DA:3,4
DA:4,4
DA:5,4
DA:6,4
DA:7,4
DA:8,0
DA:9,0
DA:10,0
DA:11,4
DA:12,4
DA:13,4
DA:14,4
DA:15,1
DA:16,1
LF:16
LH:13
BRDA:2,0,0,4
BRDA:5,1,0,4
BRDA:6,2,0,4
BRDA:7,3,0,0
BRF:4
BRH:3
end_of_record
TN:
SF:src\middleware\authController.ts
FN:13,superAdminAuth
FN:34,authentification
FN:54,adminAuth
FNF:3
FNH:0
FNDA:0,superAdminAuth
FNDA:0,authentification
FNDA:0,adminAuth
DA:1,1
DA:2,1
DA:3,1
DA:4,1
DA:5,1
DA:6,1
DA:7,1
DA:8,1
DA:9,1
DA:10,1
DA:11,1
DA:12,1
DA:13,0
DA:14,0
DA:15,0
DA:16,0
DA:17,0
DA:18,0
DA:19,0
DA:20,0
DA:21,0
DA:22,0
DA:23,0
DA:24,0
DA:25,0
DA:26,0
DA:27,0
DA:28,0
DA:29,0
DA:30,0
DA:31,0
DA:32,0
DA:33,1
DA:34,0
DA:35,0
DA:36,0
DA:37,0
DA:38,0
DA:39,0
DA:40,0
DA:41,0
DA:42,0
DA:43,0
DA:44,0
DA:45,0
DA:46,0
DA:47,0
DA:48,0
DA:49,0
DA:50,0
DA:51,0
DA:52,0
DA:53,1
DA:54,0
DA:55,0
DA:56,0
DA:57,0
DA:58,0
DA:59,0
DA:60,0
DA:61,0
DA:62,0
DA:63,0
DA:64,0
DA:65,0
DA:66,0
DA:67,0
DA:68,0
DA:69,0
DA:70,0
DA:71,0
DA:72,0
DA:73,0
DA:74,0
DA:75,0
DA:76,1
DA:77,1
LF:77
LH:16
BRF:0
BRH:0
end_of_record
TN:
SF:src\middleware\uploadOnMemory.ts
FNF:0
FNH:0
DA:1,1
DA:2,1
DA:3,1
DA:4,1
DA:5,1
DA:6,1
LF:6
LH:6
BRF:0
BRH:0
end_of_record
TN:
SF:src\models\cars.ts
FN:21,get tableName
FNF:1
FNH:1
FNDA:79,get tableName
DA:1,1
DA:2,1
DA:3,1
DA:4,1
DA:5,1
DA:6,1
DA:7,1
DA:8,1
DA:9,1
DA:10,1
DA:11,1
DA:12,1
DA:13,1
DA:14,1
DA:15,1
DA:16,1
DA:17,1
DA:18,1
DA:19,1
DA:20,1
DA:21,1
DA:22,79
DA:23,79
DA:24,1
DA:25,1
DA:26,1
LF:26
LH:26
BRDA:21,0,0,79
BRF:1
BRH:1
end_of_record
TN:
SF:src\models\users.ts
FN:11,get tableName
FNF:1
FNH:1
FNDA:34,get tableName
DA:1,1
DA:2,1
DA:3,1
DA:4,1
DA:5,1
DA:6,1
DA:7,1
DA:8,1
DA:9,1
DA:10,1
DA:11,1
DA:12,34
DA:13,34
DA:14,1
DA:15,1
DA:16,1
LF:16
LH:16
BRDA:11,0,0,34
BRF:1
BRH:1
end_of_record
TN:
SF:src\repositories\car.ts
FN:5,getAll
FN:9,getById
FN:14,deleteCar
FN:19,postCar
FN:23,updateCar
FNF:5
FNH:5
FNDA:2,getAll
FNDA:4,getById
FNDA:1,deleteCar
FNDA:1,postCar
FNDA:2,updateCar
DA:1,1
DA:2,1
DA:3,1
DA:4,1
DA:5,1
DA:6,2
DA:7,2
DA:8,1
DA:9,1
DA:10,4
DA:11,4
DA:12,4
DA:13,1
DA:14,1
DA:15,1
DA:16,1
DA:17,1
DA:18,1
DA:19,1
DA:20,1
DA:21,1
DA:22,1
DA:23,1
DA:24,2
DA:25,2
DA:26,2
DA:27,1
LF:27
LH:27
BRDA:5,0,0,2
BRDA:9,1,0,4
BRDA:14,2,0,1
BRDA:19,3,0,1
BRDA:23,4,0,2
BRF:5
BRH:5
end_of_record
TN:
SF:src\repositories\user.ts
FN:5,postUser
FN:9,getUser
FNF:2
FNH:2
FNDA:1,postUser
FNDA:3,getUser
DA:1,1
DA:2,1
DA:3,1
DA:4,1
DA:5,1
DA:6,1
DA:7,1
DA:8,1
DA:9,1
DA:10,3
DA:11,3
DA:12,1
LF:12
LH:12
BRDA:5,0,0,1
BRDA:9,1,0,3
BRF:2
BRH:2
end_of_record
TN:
SF:src\routes\carRoutes.ts
FNF:0
FNH:0
DA:1,1
DA:2,1
DA:3,1
DA:4,1
DA:5,1
DA:6,1
DA:7,1
DA:8,1
DA:9,1
DA:10,1
DA:11,1
DA:12,1
DA:13,1
DA:14,1
DA:15,1
DA:16,1
DA:17,1
DA:18,1
DA:19,1
DA:20,1
DA:21,1
LF:21
LH:21
BRF:0
BRH:0
end_of_record
TN:
SF:src\routes\userRoutes.ts
FNF:0
FNH:0
DA:1,1
DA:2,1
DA:3,1
DA:4,1
DA:5,1
DA:6,1
DA:7,1
DA:8,1
DA:9,1
DA:10,1
DA:11,1
DA:12,1
DA:13,1
DA:14,1
LF:14
LH:14
BRF:0
BRH:0
end_of_record
TN:
SF:src\services\car.ts
FN:7,CarServices
FN:11,getAll
FN:15,getById
FN:19,deleteCar
FN:23,postCar
FN:27,updateCar
FNF:6
FNH:6
FNDA:10,CarServices
FNDA:2,getAll
FNDA:4,getById
FNDA:1,deleteCar
FNDA:1,postCar
FNDA:2,updateCar
DA:1,1
DA:2,1
DA:3,1
DA:4,1
DA:5,1
DA:6,1
DA:7,1
DA:8,10
DA:9,10
DA:10,1
DA:11,1
DA:12,2
DA:13,2
DA:14,1
DA:15,1
DA:16,4
DA:17,4
DA:18,1
DA:19,1
DA:20,1
DA:21,1
DA:22,1
DA:23,1
DA:24,1
DA:25,1
DA:26,1
DA:27,1
DA:28,2
DA:29,2
DA:30,1
LF:30
LH:30
BRDA:7,0,0,10
BRDA:11,1,0,2
BRDA:15,2,0,4
BRDA:19,3,0,1
BRDA:23,4,0,1
BRDA:27,5,0,2
BRF:6
BRH:6
end_of_record
TN:
SF:src\services\user.ts
FN:6,UserServices
FN:11,register
FN:15,getUser
FNF:3
FNH:3
FNDA:4,UserServices
FNDA:1,register
FNDA:3,getUser
DA:1,1
DA:2,1
DA:3,1
DA:4,1
DA:5,1
DA:6,1
DA:7,4
DA:8,4
DA:9,1
DA:10,1
DA:11,1
DA:12,1
DA:13,1
DA:14,1
DA:15,1
DA:16,3
DA:17,3
DA:18,1
LF:18
LH:18
BRDA:6,0,0,4
BRDA:11,1,0,1
BRDA:15,2,0,3
BRF:3
BRH:3
end_of_record
